<?xml version="1.0" encoding="UTF-8"?>
<coverage generated="1761902062233" clover="3.2.0">
  <project timestamp="1761902062233" name="All files">
    <metrics statements="8" coveredstatements="8" conditionals="4" coveredconditionals="4" methods="2" coveredmethods="2" elements="14" coveredelements="14" complexity="0" loc="8" ncloc="8" packages="1" files="2" classes="2"/>
    <file name="app.js" path="/home/amna/activity7/app.js">
      <metrics statements="4" coveredstatements="4" conditionals="0" coveredconditionals="0" methods="1" coveredmethods="1"/>
      <line num="2" count="1" type="stmt"/>
      <line num="3" count="1" type="stmt"/>
      <line num="5" count="1" type="stmt"/>
      <line num="7" count="1" type="stmt"/>
    </file>
    <file name="math.js" path="/home/amna/activity7/math.js">
      <metrics statements="4" coveredstatements="4" conditionals="4" coveredconditionals="4" methods="1" coveredmethods="1"/>
      <line num="2" count="2" type="cond" truecount="4" falsecount="0"/>
      <line num="3" count="1" type="stmt"/>
      <line num="4" count="1" type="stmt"/>
      <line num="6" count="1" type="stmt"/>
    </file>
  </project>
</coverage>
